# Logfile created on 2013-12-28 12:59:17 -0800 by logger.rb/36483
I, [2013-12-28T12:59:17.010791 #47490]  INFO -- : 0:  fast-stemmer (1.0.2) from /Users/jtmoulia/pocketknife/pocketknife_site/_vendor/bundle/ruby/2.0.0/specifications/fast-stemmer-1.0.2.gemspec
I, [2013-12-28T12:59:17.962751 #47490]  INFO -- : 0:  classifier (1.3.3) from /Users/jtmoulia/pocketknife/pocketknife_site/_vendor/bundle/ruby/2.0.0/specifications/classifier-1.3.3.gemspec
I, [2013-12-28T12:59:18.580879 #47490]  INFO -- : 0:  directory_watcher (1.5.1) from /Users/jtmoulia/pocketknife/pocketknife_site/_vendor/bundle/ruby/2.0.0/specifications/directory_watcher-1.5.1.gemspec
I, [2013-12-28T12:59:20.074599 #47490]  INFO -- : 0:  kramdown (0.14.2) from /Users/jtmoulia/pocketknife/pocketknife_site/_vendor/bundle/ruby/2.0.0/specifications/kramdown-0.14.2.gemspec
I, [2013-12-28T12:59:21.582491 #47490]  INFO -- : 0:  liquid (2.6.0) from /Users/jtmoulia/pocketknife/pocketknife_site/_vendor/bundle/ruby/2.0.0/specifications/liquid-2.6.0.gemspec
I, [2013-12-28T12:59:23.625824 #47490]  INFO -- : 0:  maruku (0.7.0) from /Users/jtmoulia/pocketknife/pocketknife_site/_vendor/bundle/ruby/2.0.0/specifications/maruku-0.7.0.gemspec
I, [2013-12-28T12:59:24.513553 #47490]  INFO -- : 0:  posix-spawn (0.3.8) from /Users/jtmoulia/pocketknife/pocketknife_site/_vendor/bundle/ruby/2.0.0/specifications/posix-spawn-0.3.8.gemspec
I, [2013-12-28T12:59:26.954886 #47490]  INFO -- : 0:  yajl-ruby (1.1.0) from /Users/jtmoulia/pocketknife/pocketknife_site/_vendor/bundle/ruby/2.0.0/specifications/yajl-ruby-1.1.0.gemspec
I, [2013-12-28T12:59:32.150012 #47490]  INFO -- : 0:  pygments.rb (0.3.7) from /Users/jtmoulia/pocketknife/pocketknife_site/_vendor/bundle/ruby/2.0.0/specifications/pygments.rb-0.3.7.gemspec
I, [2013-12-28T12:59:33.579581 #47490]  INFO -- : 0:  jekyll (0.12.1) from /Users/jtmoulia/pocketknife/pocketknife_site/_vendor/bundle/ruby/2.0.0/specifications/jekyll-0.12.1.gemspec
I, [2013-12-28T12:59:34.841662 #47490]  INFO -- : 0:  jekyll-asset-pipeline (0.1.6) from /Users/jtmoulia/pocketknife/pocketknife_site/_vendor/bundle/ruby/2.0.0/specifications/jekyll-asset-pipeline-0.1.6.gemspec
I, [2013-12-28T12:59:34.841986 #47490]  INFO -- : 0:  bundler (1.5.1) from /Library/Ruby/Gems/2.0.0/gems/bundler-1.5.1/lib/bundler/source
I, [2013-12-28T13:01:13.293331 #47729]  INFO -- : 0:  fast-stemmer (1.0.2) from /Users/jtmoulia/pocketknife/pocketknife_site/_vendor/bundle/ruby/2.0.0/specifications/fast-stemmer-1.0.2.gemspec
I, [2013-12-28T13:01:13.294685 #47729]  INFO -- : 0:  classifier (1.3.3) from /Users/jtmoulia/pocketknife/pocketknife_site/_vendor/bundle/ruby/2.0.0/specifications/classifier-1.3.3.gemspec
I, [2013-12-28T13:01:13.295104 #47729]  INFO -- : 0:  directory_watcher (1.5.1) from /Users/jtmoulia/pocketknife/pocketknife_site/_vendor/bundle/ruby/2.0.0/specifications/directory_watcher-1.5.1.gemspec
I, [2013-12-28T13:01:13.295439 #47729]  INFO -- : 0:  kramdown (0.14.2) from /Users/jtmoulia/pocketknife/pocketknife_site/_vendor/bundle/ruby/2.0.0/specifications/kramdown-0.14.2.gemspec
I, [2013-12-28T13:01:13.295789 #47729]  INFO -- : 0:  liquid (2.6.0) from /Users/jtmoulia/pocketknife/pocketknife_site/_vendor/bundle/ruby/2.0.0/specifications/liquid-2.6.0.gemspec
I, [2013-12-28T13:01:13.296114 #47729]  INFO -- : 0:  maruku (0.7.0) from /Users/jtmoulia/pocketknife/pocketknife_site/_vendor/bundle/ruby/2.0.0/specifications/maruku-0.7.0.gemspec
I, [2013-12-28T13:01:13.296464 #47729]  INFO -- : 0:  posix-spawn (0.3.8) from /Users/jtmoulia/pocketknife/pocketknife_site/_vendor/bundle/ruby/2.0.0/specifications/posix-spawn-0.3.8.gemspec
I, [2013-12-28T13:01:13.296794 #47729]  INFO -- : 0:  yajl-ruby (1.1.0) from /Users/jtmoulia/pocketknife/pocketknife_site/_vendor/bundle/ruby/2.0.0/specifications/yajl-ruby-1.1.0.gemspec
I, [2013-12-28T13:01:13.297175 #47729]  INFO -- : 0:  pygments.rb (0.3.7) from /Users/jtmoulia/pocketknife/pocketknife_site/_vendor/bundle/ruby/2.0.0/specifications/pygments.rb-0.3.7.gemspec
I, [2013-12-28T13:01:13.297497 #47729]  INFO -- : 0:  jekyll (0.12.1) from /Users/jtmoulia/pocketknife/pocketknife_site/_vendor/bundle/ruby/2.0.0/specifications/jekyll-0.12.1.gemspec
I, [2013-12-28T13:01:13.297869 #47729]  INFO -- : 0:  jekyll-asset-pipeline (0.1.6) from /Users/jtmoulia/pocketknife/pocketknife_site/_vendor/bundle/ruby/2.0.0/specifications/jekyll-asset-pipeline-0.1.6.gemspec
I, [2013-12-28T13:01:13.298259 #47729]  INFO -- : 0:  bundler (1.5.1) from /Library/Ruby/Gems/2.0.0/gems/bundler-1.5.1/lib/bundler/source
I, [2013-12-28T13:04:11.456613 #47754]  INFO -- : 0:  fast-stemmer (1.0.2) from /Users/jtmoulia/pocketknife/pocketknife_site/_vendor/bundle/ruby/2.0.0/specifications/fast-stemmer-1.0.2.gemspec
I, [2013-12-28T13:04:11.457406 #47754]  INFO -- : 0:  classifier (1.3.3) from /Users/jtmoulia/pocketknife/pocketknife_site/_vendor/bundle/ruby/2.0.0/specifications/classifier-1.3.3.gemspec
I, [2013-12-28T13:04:11.457636 #47754]  INFO -- : 0:  directory_watcher (1.5.1) from /Users/jtmoulia/pocketknife/pocketknife_site/_vendor/bundle/ruby/2.0.0/specifications/directory_watcher-1.5.1.gemspec
I, [2013-12-28T13:04:11.457846 #47754]  INFO -- : 0:  kramdown (0.14.2) from /Users/jtmoulia/pocketknife/pocketknife_site/_vendor/bundle/ruby/2.0.0/specifications/kramdown-0.14.2.gemspec
I, [2013-12-28T13:04:11.458050 #47754]  INFO -- : 0:  liquid (2.6.0) from /Users/jtmoulia/pocketknife/pocketknife_site/_vendor/bundle/ruby/2.0.0/specifications/liquid-2.6.0.gemspec
I, [2013-12-28T13:04:11.458251 #47754]  INFO -- : 0:  maruku (0.7.0) from /Users/jtmoulia/pocketknife/pocketknife_site/_vendor/bundle/ruby/2.0.0/specifications/maruku-0.7.0.gemspec
I, [2013-12-28T13:04:11.458453 #47754]  INFO -- : 0:  posix-spawn (0.3.8) from /Users/jtmoulia/pocketknife/pocketknife_site/_vendor/bundle/ruby/2.0.0/specifications/posix-spawn-0.3.8.gemspec
I, [2013-12-28T13:04:11.458650 #47754]  INFO -- : 0:  yajl-ruby (1.1.0) from /Users/jtmoulia/pocketknife/pocketknife_site/_vendor/bundle/ruby/2.0.0/specifications/yajl-ruby-1.1.0.gemspec
I, [2013-12-28T13:04:11.458850 #47754]  INFO -- : 0:  pygments.rb (0.3.7) from /Users/jtmoulia/pocketknife/pocketknife_site/_vendor/bundle/ruby/2.0.0/specifications/pygments.rb-0.3.7.gemspec
I, [2013-12-28T13:04:11.459047 #47754]  INFO -- : 0:  jekyll (0.12.1) from /Users/jtmoulia/pocketknife/pocketknife_site/_vendor/bundle/ruby/2.0.0/specifications/jekyll-0.12.1.gemspec
I, [2013-12-28T13:04:11.459243 #47754]  INFO -- : 0:  jekyll-asset-pipeline (0.1.6) from /Users/jtmoulia/pocketknife/pocketknife_site/_vendor/bundle/ruby/2.0.0/specifications/jekyll-asset-pipeline-0.1.6.gemspec
I, [2013-12-28T13:04:14.072455 #47754]  INFO -- : 0:  redcarpet (3.0.0) from /Users/jtmoulia/pocketknife/pocketknife_site/_vendor/bundle/ruby/2.0.0/specifications/redcarpet-3.0.0.gemspec
I, [2013-12-28T13:04:14.072861 #47754]  INFO -- : 0:  bundler (1.5.1) from /Library/Ruby/Gems/2.0.0/gems/bundler-1.5.1/lib/bundler/source
I, [2013-12-28T13:07:33.248048 #47938]  INFO -- : 0:  blankslate (2.1.2.4) from /Users/jtmoulia/pocketknife/pocketknife_site/_vendor/bundle/ruby/2.0.0/specifications/blankslate-2.1.2.4.gemspec
I, [2013-12-28T13:07:33.248888 #47938]  INFO -- : 0:  fast-stemmer (1.0.2) from /Users/jtmoulia/pocketknife/pocketknife_site/_vendor/bundle/ruby/2.0.0/specifications/fast-stemmer-1.0.2.gemspec
I, [2013-12-28T13:07:33.249114 #47938]  INFO -- : 0:  classifier (1.3.3) from /Users/jtmoulia/pocketknife/pocketknife_site/_vendor/bundle/ruby/2.0.0/specifications/classifier-1.3.3.gemspec
I, [2013-12-28T13:07:33.978371 #47938]  INFO -- : 0:  colorator (0.1) from /Users/jtmoulia/pocketknife/pocketknife_site/_vendor/bundle/ruby/2.0.0/specifications/colorator-0.1.gemspec
I, [2013-12-28T13:07:37.608022 #47938]  INFO -- : 0:  highline (1.6.20) from /Users/jtmoulia/pocketknife/pocketknife_site/_vendor/bundle/ruby/2.0.0/specifications/highline-1.6.20.gemspec
I, [2013-12-28T13:07:39.508217 #47938]  INFO -- : 0:  commander (4.1.5) from /Users/jtmoulia/pocketknife/pocketknife_site/_vendor/bundle/ruby/2.0.0/specifications/commander-4.1.5.gemspec
I, [2013-12-28T13:07:47.095862 #47938]  INFO -- : 0:  ffi (1.9.3) from /Users/jtmoulia/pocketknife/pocketknife_site/_vendor/bundle/ruby/2.0.0/specifications/ffi-1.9.3.gemspec
I, [2013-12-28T13:07:49.855887 #47938]  INFO -- : 0:  liquid (2.5.4) from /Users/jtmoulia/pocketknife/pocketknife_site/_vendor/bundle/ruby/2.0.0/specifications/liquid-2.5.4.gemspec
I, [2013-12-28T13:07:51.764323 #47938]  INFO -- : 0:  rb-fsevent (0.9.3) from /Users/jtmoulia/pocketknife/pocketknife_site/_vendor/bundle/ruby/2.0.0/specifications/rb-fsevent-0.9.3.gemspec
I, [2013-12-28T13:07:52.967425 #47938]  INFO -- : 0:  rb-inotify (0.9.3) from /Users/jtmoulia/pocketknife/pocketknife_site/_vendor/bundle/ruby/2.0.0/specifications/rb-inotify-0.9.3.gemspec
I, [2013-12-28T13:07:53.885047 #47938]  INFO -- : 0:  rb-kqueue (0.2.0) from /Users/jtmoulia/pocketknife/pocketknife_site/_vendor/bundle/ruby/2.0.0/specifications/rb-kqueue-0.2.0.gemspec
I, [2013-12-28T13:07:55.882403 #47938]  INFO -- : 0:  listen (1.3.1) from /Users/jtmoulia/pocketknife/pocketknife_site/_vendor/bundle/ruby/2.0.0/specifications/listen-1.3.1.gemspec
I, [2013-12-28T13:07:55.883180 #47938]  INFO -- : 0:  maruku (0.7.0) from /Users/jtmoulia/pocketknife/pocketknife_site/_vendor/bundle/ruby/2.0.0/specifications/maruku-0.7.0.gemspec
I, [2013-12-28T13:07:55.883553 #47938]  INFO -- : 0:  posix-spawn (0.3.8) from /Users/jtmoulia/pocketknife/pocketknife_site/_vendor/bundle/ruby/2.0.0/specifications/posix-spawn-0.3.8.gemspec
I, [2013-12-28T13:07:55.884174 #47938]  INFO -- : 0:  yajl-ruby (1.1.0) from /Users/jtmoulia/pocketknife/pocketknife_site/_vendor/bundle/ruby/2.0.0/specifications/yajl-ruby-1.1.0.gemspec
I, [2013-12-28T13:08:11.227827 #47938]  INFO -- : 0:  pygments.rb (0.5.4) from /Users/jtmoulia/pocketknife/pocketknife_site/_vendor/bundle/ruby/2.0.0/specifications/pygments.rb-0.5.4.gemspec
I, [2013-12-28T13:08:14.835505 #47938]  INFO -- : 0:  redcarpet (2.3.0) from /Users/jtmoulia/pocketknife/pocketknife_site/_vendor/bundle/ruby/2.0.0/specifications/redcarpet-2.3.0.gemspec
I, [2013-12-28T13:08:16.009936 #47938]  INFO -- : 0:  safe_yaml (0.9.7) from /Users/jtmoulia/pocketknife/pocketknife_site/_vendor/bundle/ruby/2.0.0/specifications/safe_yaml-0.9.7.gemspec
I, [2013-12-28T13:08:17.139438 #47938]  INFO -- : 0:  parslet (1.5.0) from /Users/jtmoulia/pocketknife/pocketknife_site/_vendor/bundle/ruby/2.0.0/specifications/parslet-1.5.0.gemspec
I, [2013-12-28T13:08:18.048792 #47938]  INFO -- : 0:  toml (0.1.0) from /Users/jtmoulia/pocketknife/pocketknife_site/_vendor/bundle/ruby/2.0.0/specifications/toml-0.1.0.gemspec
I, [2013-12-28T13:08:19.286394 #47938]  INFO -- : 0:  jekyll (1.4.2) from /Users/jtmoulia/pocketknife/pocketknife_site/_vendor/bundle/ruby/2.0.0/specifications/jekyll-1.4.2.gemspec
I, [2013-12-28T13:08:20.158500 #47938]  INFO -- : 0:  jekyll-asset-pipeline (0.1.2) from /Users/jtmoulia/pocketknife/pocketknife_site/_vendor/bundle/ruby/2.0.0/specifications/jekyll-asset-pipeline-0.1.2.gemspec
I, [2013-12-28T13:08:20.158803 #47938]  INFO -- : 0:  bundler (1.5.1) from /Library/Ruby/Gems/2.0.0/gems/bundler-1.5.1/lib/bundler/source
I, [2013-12-28T13:18:31.297326 #48513]  INFO -- : 0:  blankslate (2.1.2.4) from /Users/jtmoulia/pocketknife/pocketknife_site/_vendor/bundle/ruby/2.0.0/specifications/blankslate-2.1.2.4.gemspec
I, [2013-12-28T13:18:31.298479 #48513]  INFO -- : 0:  fast-stemmer (1.0.2) from /Users/jtmoulia/pocketknife/pocketknife_site/_vendor/bundle/ruby/2.0.0/specifications/fast-stemmer-1.0.2.gemspec
I, [2013-12-28T13:18:31.298767 #48513]  INFO -- : 0:  classifier (1.3.3) from /Users/jtmoulia/pocketknife/pocketknife_site/_vendor/bundle/ruby/2.0.0/specifications/classifier-1.3.3.gemspec
I, [2013-12-28T13:18:31.298997 #48513]  INFO -- : 0:  colorator (0.1) from /Users/jtmoulia/pocketknife/pocketknife_site/_vendor/bundle/ruby/2.0.0/specifications/colorator-0.1.gemspec
I, [2013-12-28T13:18:31.299223 #48513]  INFO -- : 0:  highline (1.6.20) from /Users/jtmoulia/pocketknife/pocketknife_site/_vendor/bundle/ruby/2.0.0/specifications/highline-1.6.20.gemspec
I, [2013-12-28T13:18:31.299446 #48513]  INFO -- : 0:  commander (4.1.5) from /Users/jtmoulia/pocketknife/pocketknife_site/_vendor/bundle/ruby/2.0.0/specifications/commander-4.1.5.gemspec
I, [2013-12-28T13:18:31.299721 #48513]  INFO -- : 0:  ffi (1.9.3) from /Users/jtmoulia/pocketknife/pocketknife_site/_vendor/bundle/ruby/2.0.0/specifications/ffi-1.9.3.gemspec
I, [2013-12-28T13:18:31.874022 #48513]  INFO -- : 0:  hike (1.2.3) from /Users/jtmoulia/pocketknife/pocketknife_site/_vendor/bundle/ruby/2.0.0/specifications/hike-1.2.3.gemspec
I, [2013-12-28T13:18:31.874404 #48513]  INFO -- : 0:  liquid (2.5.4) from /Users/jtmoulia/pocketknife/pocketknife_site/_vendor/bundle/ruby/2.0.0/specifications/liquid-2.5.4.gemspec
I, [2013-12-28T13:18:31.874671 #48513]  INFO -- : 0:  rb-fsevent (0.9.3) from /Users/jtmoulia/pocketknife/pocketknife_site/_vendor/bundle/ruby/2.0.0/specifications/rb-fsevent-0.9.3.gemspec
I, [2013-12-28T13:18:31.874902 #48513]  INFO -- : 0:  rb-inotify (0.9.3) from /Users/jtmoulia/pocketknife/pocketknife_site/_vendor/bundle/ruby/2.0.0/specifications/rb-inotify-0.9.3.gemspec
I, [2013-12-28T13:18:31.875116 #48513]  INFO -- : 0:  rb-kqueue (0.2.0) from /Users/jtmoulia/pocketknife/pocketknife_site/_vendor/bundle/ruby/2.0.0/specifications/rb-kqueue-0.2.0.gemspec
I, [2013-12-28T13:18:31.875326 #48513]  INFO -- : 0:  listen (1.3.1) from /Users/jtmoulia/pocketknife/pocketknife_site/_vendor/bundle/ruby/2.0.0/specifications/listen-1.3.1.gemspec
I, [2013-12-28T13:18:31.875534 #48513]  INFO -- : 0:  maruku (0.7.0) from /Users/jtmoulia/pocketknife/pocketknife_site/_vendor/bundle/ruby/2.0.0/specifications/maruku-0.7.0.gemspec
I, [2013-12-28T13:18:31.875737 #48513]  INFO -- : 0:  posix-spawn (0.3.8) from /Users/jtmoulia/pocketknife/pocketknife_site/_vendor/bundle/ruby/2.0.0/specifications/posix-spawn-0.3.8.gemspec
I, [2013-12-28T13:18:31.875936 #48513]  INFO -- : 0:  yajl-ruby (1.1.0) from /Users/jtmoulia/pocketknife/pocketknife_site/_vendor/bundle/ruby/2.0.0/specifications/yajl-ruby-1.1.0.gemspec
I, [2013-12-28T13:18:31.876145 #48513]  INFO -- : 0:  pygments.rb (0.5.4) from /Users/jtmoulia/pocketknife/pocketknife_site/_vendor/bundle/ruby/2.0.0/specifications/pygments.rb-0.5.4.gemspec
I, [2013-12-28T13:18:31.876356 #48513]  INFO -- : 0:  redcarpet (2.3.0) from /Users/jtmoulia/pocketknife/pocketknife_site/_vendor/bundle/ruby/2.0.0/specifications/redcarpet-2.3.0.gemspec
I, [2013-12-28T13:18:31.876565 #48513]  INFO -- : 0:  safe_yaml (0.9.7) from /Users/jtmoulia/pocketknife/pocketknife_site/_vendor/bundle/ruby/2.0.0/specifications/safe_yaml-0.9.7.gemspec
I, [2013-12-28T13:18:31.876776 #48513]  INFO -- : 0:  parslet (1.5.0) from /Users/jtmoulia/pocketknife/pocketknife_site/_vendor/bundle/ruby/2.0.0/specifications/parslet-1.5.0.gemspec
I, [2013-12-28T13:18:31.876964 #48513]  INFO -- : 0:  toml (0.1.0) from /Users/jtmoulia/pocketknife/pocketknife_site/_vendor/bundle/ruby/2.0.0/specifications/toml-0.1.0.gemspec
I, [2013-12-28T13:18:31.877156 #48513]  INFO -- : 0:  jekyll (1.4.2) from /Users/jtmoulia/pocketknife/pocketknife_site/_vendor/bundle/ruby/2.0.0/specifications/jekyll-1.4.2.gemspec
I, [2013-12-28T13:18:32.491697 #48513]  INFO -- : 0:  multi_json (1.8.2) from /Users/jtmoulia/pocketknife/pocketknife_site/_vendor/bundle/ruby/2.0.0/specifications/multi_json-1.8.2.gemspec
I, [2013-12-28T13:18:33.430320 #48513]  INFO -- : 0:  rack (1.5.2) from /Users/jtmoulia/pocketknife/pocketknife_site/_vendor/bundle/ruby/2.0.0/specifications/rack-1.5.2.gemspec
I, [2013-12-28T13:18:34.309182 #48513]  INFO -- : 0:  tilt (1.4.1) from /Users/jtmoulia/pocketknife/pocketknife_site/_vendor/bundle/ruby/2.0.0/specifications/tilt-1.4.1.gemspec
I, [2013-12-28T13:18:35.876206 #48513]  INFO -- : 0:  sprockets (2.10.1) from /Users/jtmoulia/pocketknife/pocketknife_site/_vendor/bundle/ruby/2.0.0/specifications/sprockets-2.10.1.gemspec
I, [2013-12-28T13:18:36.537754 #48513]  INFO -- : 0:  jekyll-assets (0.7.4) from /Users/jtmoulia/pocketknife/pocketknife_site/_vendor/bundle/ruby/2.0.0/specifications/jekyll-assets-0.7.4.gemspec
I, [2013-12-28T13:18:36.538255 #48513]  INFO -- : 0:  bundler (1.5.1) from /Library/Ruby/Gems/2.0.0/gems/bundler-1.5.1/lib/bundler/source
I, [2013-12-28T13:23:26.212352 #48567]  INFO -- : 0:  blankslate (2.1.2.4) from /Users/jtmoulia/pocketknife/pocketknife_site/_vendor/bundle/ruby/2.0.0/specifications/blankslate-2.1.2.4.gemspec
I, [2013-12-28T13:23:26.213087 #48567]  INFO -- : 0:  fast-stemmer (1.0.2) from /Users/jtmoulia/pocketknife/pocketknife_site/_vendor/bundle/ruby/2.0.0/specifications/fast-stemmer-1.0.2.gemspec
I, [2013-12-28T13:23:26.213331 #48567]  INFO -- : 0:  classifier (1.3.3) from /Users/jtmoulia/pocketknife/pocketknife_site/_vendor/bundle/ruby/2.0.0/specifications/classifier-1.3.3.gemspec
I, [2013-12-28T13:23:26.213550 #48567]  INFO -- : 0:  colorator (0.1) from /Users/jtmoulia/pocketknife/pocketknife_site/_vendor/bundle/ruby/2.0.0/specifications/colorator-0.1.gemspec
I, [2013-12-28T13:23:26.213769 #48567]  INFO -- : 0:  highline (1.6.20) from /Users/jtmoulia/pocketknife/pocketknife_site/_vendor/bundle/ruby/2.0.0/specifications/highline-1.6.20.gemspec
I, [2013-12-28T13:23:26.213979 #48567]  INFO -- : 0:  commander (4.1.5) from /Users/jtmoulia/pocketknife/pocketknife_site/_vendor/bundle/ruby/2.0.0/specifications/commander-4.1.5.gemspec
I, [2013-12-28T13:23:26.214185 #48567]  INFO -- : 0:  ffi (1.9.3) from /Users/jtmoulia/pocketknife/pocketknife_site/_vendor/bundle/ruby/2.0.0/specifications/ffi-1.9.3.gemspec
I, [2013-12-28T13:23:26.228471 #48567]  INFO -- : 0:  hike (1.2.3) from /Users/jtmoulia/pocketknife/pocketknife_site/_vendor/bundle/ruby/2.0.0/specifications/hike-1.2.3.gemspec
I, [2013-12-28T13:23:26.228826 #48567]  INFO -- : 0:  liquid (2.5.4) from /Users/jtmoulia/pocketknife/pocketknife_site/_vendor/bundle/ruby/2.0.0/specifications/liquid-2.5.4.gemspec
I, [2013-12-28T13:23:26.229075 #48567]  INFO -- : 0:  rb-fsevent (0.9.3) from /Users/jtmoulia/pocketknife/pocketknife_site/_vendor/bundle/ruby/2.0.0/specifications/rb-fsevent-0.9.3.gemspec
I, [2013-12-28T13:23:26.229300 #48567]  INFO -- : 0:  rb-inotify (0.9.3) from /Users/jtmoulia/pocketknife/pocketknife_site/_vendor/bundle/ruby/2.0.0/specifications/rb-inotify-0.9.3.gemspec
I, [2013-12-28T13:23:26.229524 #48567]  INFO -- : 0:  rb-kqueue (0.2.0) from /Users/jtmoulia/pocketknife/pocketknife_site/_vendor/bundle/ruby/2.0.0/specifications/rb-kqueue-0.2.0.gemspec
I, [2013-12-28T13:23:26.229734 #48567]  INFO -- : 0:  listen (1.3.1) from /Users/jtmoulia/pocketknife/pocketknife_site/_vendor/bundle/ruby/2.0.0/specifications/listen-1.3.1.gemspec
I, [2013-12-28T13:23:26.229940 #48567]  INFO -- : 0:  maruku (0.7.0) from /Users/jtmoulia/pocketknife/pocketknife_site/_vendor/bundle/ruby/2.0.0/specifications/maruku-0.7.0.gemspec
I, [2013-12-28T13:23:26.230129 #48567]  INFO -- : 0:  posix-spawn (0.3.8) from /Users/jtmoulia/pocketknife/pocketknife_site/_vendor/bundle/ruby/2.0.0/specifications/posix-spawn-0.3.8.gemspec
I, [2013-12-28T13:23:26.230321 #48567]  INFO -- : 0:  yajl-ruby (1.1.0) from /Users/jtmoulia/pocketknife/pocketknife_site/_vendor/bundle/ruby/2.0.0/specifications/yajl-ruby-1.1.0.gemspec
I, [2013-12-28T13:23:26.230547 #48567]  INFO -- : 0:  pygments.rb (0.5.4) from /Users/jtmoulia/pocketknife/pocketknife_site/_vendor/bundle/ruby/2.0.0/specifications/pygments.rb-0.5.4.gemspec
I, [2013-12-28T13:23:26.230743 #48567]  INFO -- : 0:  redcarpet (2.3.0) from /Users/jtmoulia/pocketknife/pocketknife_site/_vendor/bundle/ruby/2.0.0/specifications/redcarpet-2.3.0.gemspec
I, [2013-12-28T13:23:26.230936 #48567]  INFO -- : 0:  safe_yaml (0.9.7) from /Users/jtmoulia/pocketknife/pocketknife_site/_vendor/bundle/ruby/2.0.0/specifications/safe_yaml-0.9.7.gemspec
I, [2013-12-28T13:23:26.231125 #48567]  INFO -- : 0:  parslet (1.5.0) from /Users/jtmoulia/pocketknife/pocketknife_site/_vendor/bundle/ruby/2.0.0/specifications/parslet-1.5.0.gemspec
I, [2013-12-28T13:23:26.231306 #48567]  INFO -- : 0:  toml (0.1.0) from /Users/jtmoulia/pocketknife/pocketknife_site/_vendor/bundle/ruby/2.0.0/specifications/toml-0.1.0.gemspec
I, [2013-12-28T13:23:26.231495 #48567]  INFO -- : 0:  jekyll (1.4.2) from /Users/jtmoulia/pocketknife/pocketknife_site/_vendor/bundle/ruby/2.0.0/specifications/jekyll-1.4.2.gemspec
I, [2013-12-28T13:23:26.231679 #48567]  INFO -- : 0:  multi_json (1.8.2) from /Users/jtmoulia/pocketknife/pocketknife_site/_vendor/bundle/ruby/2.0.0/specifications/multi_json-1.8.2.gemspec
I, [2013-12-28T13:23:26.231882 #48567]  INFO -- : 0:  rack (1.5.2) from /Users/jtmoulia/pocketknife/pocketknife_site/_vendor/bundle/ruby/2.0.0/specifications/rack-1.5.2.gemspec
I, [2013-12-28T13:23:26.232063 #48567]  INFO -- : 0:  tilt (1.4.1) from /Users/jtmoulia/pocketknife/pocketknife_site/_vendor/bundle/ruby/2.0.0/specifications/tilt-1.4.1.gemspec
I, [2013-12-28T13:23:26.232242 #48567]  INFO -- : 0:  sprockets (2.10.1) from /Users/jtmoulia/pocketknife/pocketknife_site/_vendor/bundle/ruby/2.0.0/specifications/sprockets-2.10.1.gemspec
I, [2013-12-28T13:23:26.232419 #48567]  INFO -- : 0:  jekyll-assets (0.7.4) from /Users/jtmoulia/pocketknife/pocketknife_site/_vendor/bundle/ruby/2.0.0/specifications/jekyll-assets-0.7.4.gemspec
I, [2013-12-28T13:23:28.033952 #48567]  INFO -- : 0:  sass (3.2.13) from /Users/jtmoulia/pocketknife/pocketknife_site/_vendor/bundle/ruby/2.0.0/specifications/sass-3.2.13.gemspec
I, [2013-12-28T13:23:28.034289 #48567]  INFO -- : 0:  bundler (1.5.1) from /Library/Ruby/Gems/2.0.0/gems/bundler-1.5.1/lib/bundler/source
I, [2013-12-28T13:26:23.486343 #48622]  INFO -- : 0:  blankslate (2.1.2.4) from /Users/jtmoulia/pocketknife/pocketknife_site/_vendor/bundle/ruby/2.0.0/specifications/blankslate-2.1.2.4.gemspec
I, [2013-12-28T13:26:25.946664 #48622]  INFO -- : 0:  chunky_png (1.2.9) from /Users/jtmoulia/pocketknife/pocketknife_site/_vendor/bundle/ruby/2.0.0/specifications/chunky_png-1.2.9.gemspec
I, [2013-12-28T13:26:25.947034 #48622]  INFO -- : 0:  fast-stemmer (1.0.2) from /Users/jtmoulia/pocketknife/pocketknife_site/_vendor/bundle/ruby/2.0.0/specifications/fast-stemmer-1.0.2.gemspec
I, [2013-12-28T13:26:25.947286 #48622]  INFO -- : 0:  classifier (1.3.3) from /Users/jtmoulia/pocketknife/pocketknife_site/_vendor/bundle/ruby/2.0.0/specifications/classifier-1.3.3.gemspec
I, [2013-12-28T13:26:25.947511 #48622]  INFO -- : 0:  colorator (0.1) from /Users/jtmoulia/pocketknife/pocketknife_site/_vendor/bundle/ruby/2.0.0/specifications/colorator-0.1.gemspec
I, [2013-12-28T13:26:25.947726 #48622]  INFO -- : 0:  highline (1.6.20) from /Users/jtmoulia/pocketknife/pocketknife_site/_vendor/bundle/ruby/2.0.0/specifications/highline-1.6.20.gemspec
I, [2013-12-28T13:26:25.947938 #48622]  INFO -- : 0:  commander (4.1.5) from /Users/jtmoulia/pocketknife/pocketknife_site/_vendor/bundle/ruby/2.0.0/specifications/commander-4.1.5.gemspec
I, [2013-12-28T13:26:26.855709 #48622]  INFO -- : 0:  fssm (0.2.10) from /Users/jtmoulia/pocketknife/pocketknife_site/_vendor/bundle/ruby/2.0.0/specifications/fssm-0.2.10.gemspec
I, [2013-12-28T13:26:26.856080 #48622]  INFO -- : 0:  sass (3.2.13) from /Users/jtmoulia/pocketknife/pocketknife_site/_vendor/bundle/ruby/2.0.0/specifications/sass-3.2.13.gemspec
I, [2013-12-28T13:26:30.364746 #48622]  INFO -- : 0:  compass (0.12.2) from /Users/jtmoulia/pocketknife/pocketknife_site/_vendor/bundle/ruby/2.0.0/specifications/compass-0.12.2.gemspec
I, [2013-12-28T13:26:30.365139 #48622]  INFO -- : 0:  ffi (1.9.3) from /Users/jtmoulia/pocketknife/pocketknife_site/_vendor/bundle/ruby/2.0.0/specifications/ffi-1.9.3.gemspec
I, [2013-12-28T13:26:30.365419 #48622]  INFO -- : 0:  hike (1.2.3) from /Users/jtmoulia/pocketknife/pocketknife_site/_vendor/bundle/ruby/2.0.0/specifications/hike-1.2.3.gemspec
I, [2013-12-28T13:26:30.365675 #48622]  INFO -- : 0:  liquid (2.5.4) from /Users/jtmoulia/pocketknife/pocketknife_site/_vendor/bundle/ruby/2.0.0/specifications/liquid-2.5.4.gemspec
I, [2013-12-28T13:26:30.365895 #48622]  INFO -- : 0:  rb-fsevent (0.9.3) from /Users/jtmoulia/pocketknife/pocketknife_site/_vendor/bundle/ruby/2.0.0/specifications/rb-fsevent-0.9.3.gemspec
I, [2013-12-28T13:26:30.366107 #48622]  INFO -- : 0:  rb-inotify (0.9.3) from /Users/jtmoulia/pocketknife/pocketknife_site/_vendor/bundle/ruby/2.0.0/specifications/rb-inotify-0.9.3.gemspec
I, [2013-12-28T13:26:30.366316 #48622]  INFO -- : 0:  rb-kqueue (0.2.0) from /Users/jtmoulia/pocketknife/pocketknife_site/_vendor/bundle/ruby/2.0.0/specifications/rb-kqueue-0.2.0.gemspec
I, [2013-12-28T13:26:30.366539 #48622]  INFO -- : 0:  listen (1.3.1) from /Users/jtmoulia/pocketknife/pocketknife_site/_vendor/bundle/ruby/2.0.0/specifications/listen-1.3.1.gemspec
I, [2013-12-28T13:26:30.366745 #48622]  INFO -- : 0:  maruku (0.7.0) from /Users/jtmoulia/pocketknife/pocketknife_site/_vendor/bundle/ruby/2.0.0/specifications/maruku-0.7.0.gemspec
I, [2013-12-28T13:26:30.366947 #48622]  INFO -- : 0:  posix-spawn (0.3.8) from /Users/jtmoulia/pocketknife/pocketknife_site/_vendor/bundle/ruby/2.0.0/specifications/posix-spawn-0.3.8.gemspec
I, [2013-12-28T13:26:30.367147 #48622]  INFO -- : 0:  yajl-ruby (1.1.0) from /Users/jtmoulia/pocketknife/pocketknife_site/_vendor/bundle/ruby/2.0.0/specifications/yajl-ruby-1.1.0.gemspec
I, [2013-12-28T13:26:30.367351 #48622]  INFO -- : 0:  pygments.rb (0.5.4) from /Users/jtmoulia/pocketknife/pocketknife_site/_vendor/bundle/ruby/2.0.0/specifications/pygments.rb-0.5.4.gemspec
I, [2013-12-28T13:26:30.367559 #48622]  INFO -- : 0:  redcarpet (2.3.0) from /Users/jtmoulia/pocketknife/pocketknife_site/_vendor/bundle/ruby/2.0.0/specifications/redcarpet-2.3.0.gemspec
I, [2013-12-28T13:26:30.367765 #48622]  INFO -- : 0:  safe_yaml (0.9.7) from /Users/jtmoulia/pocketknife/pocketknife_site/_vendor/bundle/ruby/2.0.0/specifications/safe_yaml-0.9.7.gemspec
I, [2013-12-28T13:26:30.367969 #48622]  INFO -- : 0:  parslet (1.5.0) from /Users/jtmoulia/pocketknife/pocketknife_site/_vendor/bundle/ruby/2.0.0/specifications/parslet-1.5.0.gemspec
I, [2013-12-28T13:26:30.368170 #48622]  INFO -- : 0:  toml (0.1.0) from /Users/jtmoulia/pocketknife/pocketknife_site/_vendor/bundle/ruby/2.0.0/specifications/toml-0.1.0.gemspec
I, [2013-12-28T13:26:30.368376 #48622]  INFO -- : 0:  jekyll (1.4.2) from /Users/jtmoulia/pocketknife/pocketknife_site/_vendor/bundle/ruby/2.0.0/specifications/jekyll-1.4.2.gemspec
I, [2013-12-28T13:26:30.368575 #48622]  INFO -- : 0:  multi_json (1.8.2) from /Users/jtmoulia/pocketknife/pocketknife_site/_vendor/bundle/ruby/2.0.0/specifications/multi_json-1.8.2.gemspec
I, [2013-12-28T13:26:30.368773 #48622]  INFO -- : 0:  rack (1.5.2) from /Users/jtmoulia/pocketknife/pocketknife_site/_vendor/bundle/ruby/2.0.0/specifications/rack-1.5.2.gemspec
I, [2013-12-28T13:26:30.368969 #48622]  INFO -- : 0:  tilt (1.4.1) from /Users/jtmoulia/pocketknife/pocketknife_site/_vendor/bundle/ruby/2.0.0/specifications/tilt-1.4.1.gemspec
I, [2013-12-28T13:26:30.369163 #48622]  INFO -- : 0:  sprockets (2.10.1) from /Users/jtmoulia/pocketknife/pocketknife_site/_vendor/bundle/ruby/2.0.0/specifications/sprockets-2.10.1.gemspec
I, [2013-12-28T13:26:30.369360 #48622]  INFO -- : 0:  jekyll-assets (0.7.4) from /Users/jtmoulia/pocketknife/pocketknife_site/_vendor/bundle/ruby/2.0.0/specifications/jekyll-assets-0.7.4.gemspec
I, [2013-12-28T13:26:30.369531 #48622]  INFO -- : 0:  bundler (1.5.1) from /Library/Ruby/Gems/2.0.0/gems/bundler-1.5.1/lib/bundler/source
I, [2013-12-28T16:35:13.258595 #49159]  INFO -- : 0:  blankslate (2.1.2.4) from /Users/jtmoulia/pocketknife/pocketknife_site/_vendor/bundle/ruby/2.0.0/specifications/blankslate-2.1.2.4.gemspec
I, [2013-12-28T16:35:14.972658 #49159]  INFO -- : 0:  chunky_png (1.2.9) from /Users/jtmoulia/pocketknife/pocketknife_site/_vendor/bundle/ruby/2.0.0/specifications/chunky_png-1.2.9.gemspec
I, [2013-12-28T16:35:17.456487 #49159]  INFO -- : 0:  fast-stemmer (1.0.2) from /Users/jtmoulia/pocketknife/pocketknife_site/_vendor/bundle/ruby/2.0.0/specifications/fast-stemmer-1.0.2.gemspec
I, [2013-12-28T16:35:19.385904 #49159]  INFO -- : 0:  classifier (1.3.3) from /Users/jtmoulia/pocketknife/pocketknife_site/_vendor/bundle/ruby/2.0.0/specifications/classifier-1.3.3.gemspec
I, [2013-12-28T16:35:20.446891 #49159]  INFO -- : 0:  colorator (0.1) from /Users/jtmoulia/pocketknife/pocketknife_site/_vendor/bundle/ruby/2.0.0/specifications/colorator-0.1.gemspec
I, [2013-12-28T16:35:21.279598 #49159]  INFO -- : 0:  highline (1.6.20) from /Users/jtmoulia/pocketknife/pocketknife_site/_vendor/bundle/ruby/2.0.0/specifications/highline-1.6.20.gemspec
I, [2013-12-28T16:35:21.941354 #49159]  INFO -- : 0:  commander (4.1.5) from /Users/jtmoulia/pocketknife/pocketknife_site/_vendor/bundle/ruby/2.0.0/specifications/commander-4.1.5.gemspec
I, [2013-12-28T16:35:22.793036 #49159]  INFO -- : 0:  fssm (0.2.10) from /Users/jtmoulia/pocketknife/pocketknife_site/_vendor/bundle/ruby/2.0.0/specifications/fssm-0.2.10.gemspec
I, [2013-12-28T16:35:24.570869 #49159]  INFO -- : 0:  sass (3.2.13) from /Users/jtmoulia/pocketknife/pocketknife_site/_vendor/bundle/ruby/2.0.0/specifications/sass-3.2.13.gemspec
I, [2013-12-28T16:35:27.850061 #49159]  INFO -- : 0:  compass (0.12.2) from /Users/jtmoulia/pocketknife/pocketknife_site/_vendor/bundle/ruby/2.0.0/specifications/compass-0.12.2.gemspec
I, [2013-12-28T16:35:33.379056 #49159]  INFO -- : 0:  ffi (1.9.3) from /Users/jtmoulia/pocketknife/pocketknife_site/_vendor/bundle/ruby/2.0.0/specifications/ffi-1.9.3.gemspec
I, [2013-12-28T16:35:35.425971 #49159]  INFO -- : 0:  hike (1.2.3) from /Users/jtmoulia/pocketknife/pocketknife_site/_vendor/bundle/ruby/2.0.0/specifications/hike-1.2.3.gemspec
I, [2013-12-28T16:35:37.044333 #49159]  INFO -- : 0:  liquid (2.5.4) from /Users/jtmoulia/pocketknife/pocketknife_site/_vendor/bundle/ruby/2.0.0/specifications/liquid-2.5.4.gemspec
I, [2013-12-28T16:35:38.193968 #49159]  INFO -- : 0:  rb-fsevent (0.9.3) from /Users/jtmoulia/pocketknife/pocketknife_site/_vendor/bundle/ruby/2.0.0/specifications/rb-fsevent-0.9.3.gemspec
I, [2013-12-28T16:35:39.328067 #49159]  INFO -- : 0:  rb-inotify (0.9.3) from /Users/jtmoulia/pocketknife/pocketknife_site/_vendor/bundle/ruby/2.0.0/specifications/rb-inotify-0.9.3.gemspec
I, [2013-12-28T16:35:40.276063 #49159]  INFO -- : 0:  rb-kqueue (0.2.0) from /Users/jtmoulia/pocketknife/pocketknife_site/_vendor/bundle/ruby/2.0.0/specifications/rb-kqueue-0.2.0.gemspec
I, [2013-12-28T16:35:41.646994 #49159]  INFO -- : 0:  listen (1.3.1) from /Users/jtmoulia/pocketknife/pocketknife_site/_vendor/bundle/ruby/2.0.0/specifications/listen-1.3.1.gemspec
I, [2013-12-28T16:35:43.627336 #49159]  INFO -- : 0:  maruku (0.7.0) from /Users/jtmoulia/pocketknife/pocketknife_site/_vendor/bundle/ruby/2.0.0/specifications/maruku-0.7.0.gemspec
I, [2013-12-28T16:35:45.631997 #49159]  INFO -- : 0:  posix-spawn (0.3.8) from /Users/jtmoulia/pocketknife/pocketknife_site/_vendor/bundle/ruby/2.0.0/specifications/posix-spawn-0.3.8.gemspec
I, [2013-12-28T16:35:48.519858 #49159]  INFO -- : 0:  yajl-ruby (1.1.0) from /Users/jtmoulia/pocketknife/pocketknife_site/_vendor/bundle/ruby/2.0.0/specifications/yajl-ruby-1.1.0.gemspec
I, [2013-12-28T16:35:52.044482 #49159]  INFO -- : 0:  pygments.rb (0.5.4) from /Users/jtmoulia/pocketknife/pocketknife_site/_vendor/bundle/ruby/2.0.0/specifications/pygments.rb-0.5.4.gemspec
I, [2013-12-28T16:35:55.005364 #49159]  INFO -- : 0:  redcarpet (2.3.0) from /Users/jtmoulia/pocketknife/pocketknife_site/_vendor/bundle/ruby/2.0.0/specifications/redcarpet-2.3.0.gemspec
I, [2013-12-28T16:35:55.917817 #49159]  INFO -- : 0:  safe_yaml (0.9.7) from /Users/jtmoulia/pocketknife/pocketknife_site/_vendor/bundle/ruby/2.0.0/specifications/safe_yaml-0.9.7.gemspec
I, [2013-12-28T16:35:57.118315 #49159]  INFO -- : 0:  parslet (1.5.0) from /Users/jtmoulia/pocketknife/pocketknife_site/_vendor/bundle/ruby/2.0.0/specifications/parslet-1.5.0.gemspec
I, [2013-12-28T16:35:58.754809 #49159]  INFO -- : 0:  toml (0.1.0) from /Users/jtmoulia/pocketknife/pocketknife_site/_vendor/bundle/ruby/2.0.0/specifications/toml-0.1.0.gemspec
I, [2013-12-28T16:36:01.012887 #49159]  INFO -- : 0:  jekyll (1.4.2) from /Users/jtmoulia/pocketknife/pocketknife_site/_vendor/bundle/ruby/2.0.0/specifications/jekyll-1.4.2.gemspec
I, [2013-12-28T16:36:02.565653 #49159]  INFO -- : 0:  multi_json (1.8.2) from /Users/jtmoulia/pocketknife/pocketknife_site/_vendor/bundle/ruby/2.0.0/specifications/multi_json-1.8.2.gemspec
I, [2013-12-28T16:36:05.018051 #49159]  INFO -- : 0:  rack (1.5.2) from /Users/jtmoulia/pocketknife/pocketknife_site/_vendor/bundle/ruby/2.0.0/specifications/rack-1.5.2.gemspec
I, [2013-12-28T16:36:06.542988 #49159]  INFO -- : 0:  tilt (1.4.1) from /Users/jtmoulia/pocketknife/pocketknife_site/_vendor/bundle/ruby/2.0.0/specifications/tilt-1.4.1.gemspec
I, [2013-12-28T16:36:07.520130 #49159]  INFO -- : 0:  sprockets (2.10.1) from /Users/jtmoulia/pocketknife/pocketknife_site/_vendor/bundle/ruby/2.0.0/specifications/sprockets-2.10.1.gemspec
I, [2013-12-28T16:36:09.554653 #49159]  INFO -- : 0:  jekyll-assets (0.7.4) from /Users/jtmoulia/pocketknife/pocketknife_site/_vendor/bundle/ruby/2.0.0/specifications/jekyll-assets-0.7.4.gemspec
I, [2013-12-28T16:36:09.555047 #49159]  INFO -- : 0:  bundler (1.5.1) from /Library/Ruby/Gems/2.0.0/gems/bundler-1.5.1/lib/bundler/source
I, [2013-12-28T16:59:46.666562 #49891]  INFO -- : 0:  json (1.8.1) from /Users/jtmoulia/pocketknife/pocketknife_site/_vendor/bundle/ruby/2.0.0/specifications/json-1.8.1.gemspec
I, [2013-12-28T16:59:49.000468 #49891]  INFO -- : 0:  mini_portile (0.5.2) from /Users/jtmoulia/pocketknife/pocketknife_site/_vendor/bundle/ruby/2.0.0/specifications/mini_portile-0.5.2.gemspec
I, [2013-12-28T17:01:18.516549 #49891]  INFO -- : 0:  nokogiri (1.6.1) from /Users/jtmoulia/pocketknife/pocketknife_site/_vendor/bundle/ruby/2.0.0/specifications/nokogiri-1.6.1.gemspec
I, [2013-12-28T17:01:21.117054 #49891]  INFO -- : 0:  uuidtools (2.1.4) from /Users/jtmoulia/pocketknife/pocketknife_site/_vendor/bundle/ruby/2.0.0/specifications/uuidtools-2.1.4.gemspec
I, [2013-12-28T17:01:25.495368 #49891]  INFO -- : 0:  aws-sdk (1.8.5) from /Users/jtmoulia/pocketknife/pocketknife_site/_vendor/bundle/ruby/2.0.0/specifications/aws-sdk-1.8.5.gemspec
I, [2013-12-28T17:01:25.495811 #49891]  INFO -- : 0:  blankslate (2.1.2.4) from /Users/jtmoulia/pocketknife/pocketknife_site/_vendor/bundle/ruby/2.0.0/specifications/blankslate-2.1.2.4.gemspec
I, [2013-12-28T17:01:25.496042 #49891]  INFO -- : 0:  chunky_png (1.2.9) from /Users/jtmoulia/pocketknife/pocketknife_site/_vendor/bundle/ruby/2.0.0/specifications/chunky_png-1.2.9.gemspec
I, [2013-12-28T17:01:25.496256 #49891]  INFO -- : 0:  fast-stemmer (1.0.2) from /Users/jtmoulia/pocketknife/pocketknife_site/_vendor/bundle/ruby/2.0.0/specifications/fast-stemmer-1.0.2.gemspec
I, [2013-12-28T17:01:25.496468 #49891]  INFO -- : 0:  classifier (1.3.3) from /Users/jtmoulia/pocketknife/pocketknife_site/_vendor/bundle/ruby/2.0.0/specifications/classifier-1.3.3.gemspec
I, [2013-12-28T17:01:25.496681 #49891]  INFO -- : 0:  colorator (0.1) from /Users/jtmoulia/pocketknife/pocketknife_site/_vendor/bundle/ruby/2.0.0/specifications/colorator-0.1.gemspec
I, [2013-12-28T17:01:26.447146 #49891]  INFO -- : 0:  colored (1.2) from /Users/jtmoulia/pocketknife/pocketknife_site/_vendor/bundle/ruby/2.0.0/specifications/colored-1.2.gemspec
I, [2013-12-28T17:01:26.447632 #49891]  INFO -- : 0:  highline (1.6.20) from /Users/jtmoulia/pocketknife/pocketknife_site/_vendor/bundle/ruby/2.0.0/specifications/highline-1.6.20.gemspec
I, [2013-12-28T17:01:26.448023 #49891]  INFO -- : 0:  commander (4.1.5) from /Users/jtmoulia/pocketknife/pocketknife_site/_vendor/bundle/ruby/2.0.0/specifications/commander-4.1.5.gemspec
I, [2013-12-28T17:01:26.448389 #49891]  INFO -- : 0:  fssm (0.2.10) from /Users/jtmoulia/pocketknife/pocketknife_site/_vendor/bundle/ruby/2.0.0/specifications/fssm-0.2.10.gemspec
I, [2013-12-28T17:01:26.448810 #49891]  INFO -- : 0:  sass (3.2.13) from /Users/jtmoulia/pocketknife/pocketknife_site/_vendor/bundle/ruby/2.0.0/specifications/sass-3.2.13.gemspec
I, [2013-12-28T17:01:26.449233 #49891]  INFO -- : 0:  compass (0.12.2) from /Users/jtmoulia/pocketknife/pocketknife_site/_vendor/bundle/ruby/2.0.0/specifications/compass-0.12.2.gemspec
I, [2013-12-28T17:01:27.347865 #49891]  INFO -- : 0:  deep_merge (1.0.0) from /Users/jtmoulia/pocketknife/pocketknife_site/_vendor/bundle/ruby/2.0.0/specifications/deep_merge-1.0.0.gemspec
I, [2013-12-28T17:01:28.883572 #49891]  INFO -- : 0:  configure-s3-website (1.5.1) from /Users/jtmoulia/pocketknife/pocketknife_site/_vendor/bundle/ruby/2.0.0/specifications/configure-s3-website-1.5.1.gemspec
I, [2013-12-28T17:01:30.831466 #49891]  INFO -- : 0:  erubis (2.7.0) from /Users/jtmoulia/pocketknife/pocketknife_site/_vendor/bundle/ruby/2.0.0/specifications/erubis-2.7.0.gemspec
I, [2013-12-28T17:01:30.831866 #49891]  INFO -- : 0:  ffi (1.9.3) from /Users/jtmoulia/pocketknife/pocketknife_site/_vendor/bundle/ruby/2.0.0/specifications/ffi-1.9.3.gemspec
I, [2013-12-28T17:01:32.382532 #49891]  INFO -- : 0:  filey-diff (1.4.2) from /Users/jtmoulia/pocketknife/pocketknife_site/_vendor/bundle/ruby/2.0.0/specifications/filey-diff-1.4.2.gemspec
I, [2013-12-28T17:01:32.382873 #49891]  INFO -- : 0:  hike (1.2.3) from /Users/jtmoulia/pocketknife/pocketknife_site/_vendor/bundle/ruby/2.0.0/specifications/hike-1.2.3.gemspec
I, [2013-12-28T17:01:32.383121 #49891]  INFO -- : 0:  liquid (2.5.4) from /Users/jtmoulia/pocketknife/pocketknife_site/_vendor/bundle/ruby/2.0.0/specifications/liquid-2.5.4.gemspec
I, [2013-12-28T17:01:32.383361 #49891]  INFO -- : 0:  rb-fsevent (0.9.3) from /Users/jtmoulia/pocketknife/pocketknife_site/_vendor/bundle/ruby/2.0.0/specifications/rb-fsevent-0.9.3.gemspec
I, [2013-12-28T17:01:32.383635 #49891]  INFO -- : 0:  rb-inotify (0.9.3) from /Users/jtmoulia/pocketknife/pocketknife_site/_vendor/bundle/ruby/2.0.0/specifications/rb-inotify-0.9.3.gemspec
I, [2013-12-28T17:01:32.384005 #49891]  INFO -- : 0:  rb-kqueue (0.2.0) from /Users/jtmoulia/pocketknife/pocketknife_site/_vendor/bundle/ruby/2.0.0/specifications/rb-kqueue-0.2.0.gemspec
I, [2013-12-28T17:01:32.384390 #49891]  INFO -- : 0:  listen (1.3.1) from /Users/jtmoulia/pocketknife/pocketknife_site/_vendor/bundle/ruby/2.0.0/specifications/listen-1.3.1.gemspec
I, [2013-12-28T17:01:32.384748 #49891]  INFO -- : 0:  maruku (0.7.0) from /Users/jtmoulia/pocketknife/pocketknife_site/_vendor/bundle/ruby/2.0.0/specifications/maruku-0.7.0.gemspec
I, [2013-12-28T17:01:32.385445 #49891]  INFO -- : 0:  posix-spawn (0.3.8) from /Users/jtmoulia/pocketknife/pocketknife_site/_vendor/bundle/ruby/2.0.0/specifications/posix-spawn-0.3.8.gemspec
I, [2013-12-28T17:01:32.385886 #49891]  INFO -- : 0:  yajl-ruby (1.1.0) from /Users/jtmoulia/pocketknife/pocketknife_site/_vendor/bundle/ruby/2.0.0/specifications/yajl-ruby-1.1.0.gemspec
I, [2013-12-28T17:01:32.386288 #49891]  INFO -- : 0:  pygments.rb (0.5.4) from /Users/jtmoulia/pocketknife/pocketknife_site/_vendor/bundle/ruby/2.0.0/specifications/pygments.rb-0.5.4.gemspec
I, [2013-12-28T17:01:32.386631 #49891]  INFO -- : 0:  redcarpet (2.3.0) from /Users/jtmoulia/pocketknife/pocketknife_site/_vendor/bundle/ruby/2.0.0/specifications/redcarpet-2.3.0.gemspec
I, [2013-12-28T17:01:32.386953 #49891]  INFO -- : 0:  safe_yaml (0.9.7) from /Users/jtmoulia/pocketknife/pocketknife_site/_vendor/bundle/ruby/2.0.0/specifications/safe_yaml-0.9.7.gemspec
I, [2013-12-28T17:01:32.387266 #49891]  INFO -- : 0:  parslet (1.5.0) from /Users/jtmoulia/pocketknife/pocketknife_site/_vendor/bundle/ruby/2.0.0/specifications/parslet-1.5.0.gemspec
I, [2013-12-28T17:01:32.387583 #49891]  INFO -- : 0:  toml (0.1.0) from /Users/jtmoulia/pocketknife/pocketknife_site/_vendor/bundle/ruby/2.0.0/specifications/toml-0.1.0.gemspec
I, [2013-12-28T17:01:32.387915 #49891]  INFO -- : 0:  jekyll (1.4.2) from /Users/jtmoulia/pocketknife/pocketknife_site/_vendor/bundle/ruby/2.0.0/specifications/jekyll-1.4.2.gemspec
I, [2013-12-28T17:01:32.388242 #49891]  INFO -- : 0:  multi_json (1.8.2) from /Users/jtmoulia/pocketknife/pocketknife_site/_vendor/bundle/ruby/2.0.0/specifications/multi_json-1.8.2.gemspec
I, [2013-12-28T17:01:32.388852 #49891]  INFO -- : 0:  rack (1.5.2) from /Users/jtmoulia/pocketknife/pocketknife_site/_vendor/bundle/ruby/2.0.0/specifications/rack-1.5.2.gemspec
I, [2013-12-28T17:01:32.389257 #49891]  INFO -- : 0:  tilt (1.4.1) from /Users/jtmoulia/pocketknife/pocketknife_site/_vendor/bundle/ruby/2.0.0/specifications/tilt-1.4.1.gemspec
I, [2013-12-28T17:01:32.389654 #49891]  INFO -- : 0:  sprockets (2.10.1) from /Users/jtmoulia/pocketknife/pocketknife_site/_vendor/bundle/ruby/2.0.0/specifications/sprockets-2.10.1.gemspec
I, [2013-12-28T17:01:32.390004 #49891]  INFO -- : 0:  jekyll-assets (0.7.4) from /Users/jtmoulia/pocketknife/pocketknife_site/_vendor/bundle/ruby/2.0.0/specifications/jekyll-assets-0.7.4.gemspec
I, [2013-12-28T17:01:33.496443 #49891]  INFO -- : 0:  mime-types (1.19) from /Users/jtmoulia/pocketknife/pocketknife_site/_vendor/bundle/ruby/2.0.0/specifications/mime-types-1.19.gemspec
I, [2013-12-28T17:01:34.635406 #49891]  INFO -- : 0:  simple-cloudfront-invalidator (1.0.1) from /Users/jtmoulia/pocketknife/pocketknife_site/_vendor/bundle/ruby/2.0.0/specifications/simple-cloudfront-invalidator-1.0.1.gemspec
I, [2013-12-28T17:01:36.320505 #49891]  INFO -- : 0:  thor (0.18.1) from /Users/jtmoulia/pocketknife/pocketknife_site/_vendor/bundle/ruby/2.0.0/specifications/thor-0.18.1.gemspec
I, [2013-12-28T17:01:37.957724 #49891]  INFO -- : 0:  s3_website (1.6.1) from /Users/jtmoulia/pocketknife/pocketknife_site/_vendor/bundle/ruby/2.0.0/specifications/s3_website-1.6.1.gemspec
I, [2013-12-28T17:01:37.958148 #49891]  INFO -- : 0:  bundler (1.5.1) from /Library/Ruby/Gems/2.0.0/gems/bundler-1.5.1/lib/bundler/source
